<?xml version="1.0" encoding="UTF-8"?>
<!-- Generated by org.testng.reporters.JUnitReportReporter -->
<testsuite skipped="0" hostname="IBM992-PC0ER51L" name="com.training.sanity.tests.RTTC_039_Test" tests="2" failures="0" timestamp="16 Mar 2019 18:12:51 GMT" time="13.911" errors="0">
  <testcase name="EditCatalog" time="12.538" classname="com.training.sanity.tests.RTTC_039_Test"/>
  <testcase name="ClickCatalog" time="1.373" classname="com.training.sanity.tests.RTTC_039_Test"/>
</testsuite> <!-- com.training.sanity.tests.RTTC_039_Test -->
