<?xml version="1.0" encoding="UTF-8"?>
<!-- Generated by org.testng.reporters.JUnitReportReporter -->
<testsuite skipped="0" hostname="IBM992-PC0ER51L" name="com.training.sanity.tests.RTTC_009_Test" tests="1" failures="0" timestamp="13 Mar 2019 07:01:28 GMT" time="34.810" errors="0">
  <testcase name="productintegerclick" time="34.810" classname="com.training.sanity.tests.RTTC_009_Test"/>
</testsuite> <!-- com.training.sanity.tests.RTTC_009_Test -->
