<?xml version="1.0" encoding="UTF-8"?>
<!-- Generated by org.testng.reporters.JUnitReportReporter -->
<testsuite skipped="0" hostname="IBM992-PC0ER51L" name="com.training.sanity.tests.RTTC_006_Test" tests="1" failures="0" timestamp="06 Mar 2019 11:41:05 GMT" time="7.553" errors="0">
  <testcase name="validPwChangeTest" time="7.553" classname="com.training.sanity.tests.RTTC_006_Test"/>
</testsuite> <!-- com.training.sanity.tests.RTTC_006_Test -->
