<?xml version="1.0" encoding="UTF-8"?>
<!-- Generated by org.testng.reporters.JUnitReportReporter -->
<testsuite skipped="0" hostname="IBM992-PC0ER51L" name="com.training.sanity.tests.RTTC_036_Test" tests="1" failures="0" timestamp="15 Mar 2019 04:41:32 GMT" time="81.676" errors="0">
  <testcase name="productintegerclick" time="81.676" classname="com.training.sanity.tests.RTTC_036_Test"/>
</testsuite> <!-- com.training.sanity.tests.RTTC_036_Test -->
