<?xml version="1.0" encoding="UTF-8"?>
<!-- Generated by org.testng.reporters.JUnitReportReporter -->
<testsuite skipped="0" hostname="IBM992-PC0ER51L" name="com.training.sanity.tests.RTTC_038_Test" tests="1" failures="0" timestamp="24 Mar 2019 13:37:21 GMT" time="10.905" errors="0">
  <testcase name="addcategory" time="10.905" classname="com.training.sanity.tests.RTTC_038_Test"/>
</testsuite> <!-- com.training.sanity.tests.RTTC_038_Test -->
