<?xml version="1.0" encoding="UTF-8"?>
<!-- Generated by org.testng.reporters.JUnitReportReporter -->
<testsuite skipped="0" hostname="IBM992-PC0ER51L" name="com.training.regression.tests.LoginExcelTest" tests="1" failures="0" timestamp="21 Mar 2019 06:39:56 GMT" time="28.442" errors="0">
  <testcase name="loginDBTest" time="28.442" classname="com.training.regression.tests.LoginExcelTest"/>
</testsuite> <!-- com.training.regression.tests.LoginExcelTest -->
