<?xml version="1.0" encoding="UTF-8"?>
<!-- Generated by org.testng.reporters.JUnitReportReporter -->
<testsuite skipped="0" hostname="IBM992-PC0ER51L" name="com.training.sanity.tests.RTTC_010_Test" tests="1" failures="0" timestamp="08 Mar 2019 09:43:08 GMT" time="31.818" errors="0">
  <testcase name="productintegerclick" time="31.818" classname="com.training.sanity.tests.RTTC_010_Test"/>
</testsuite> <!-- com.training.sanity.tests.RTTC_010_Test -->
