<?xml version="1.0" encoding="UTF-8"?>
<!-- Generated by org.testng.reporters.JUnitReportReporter -->
<testsuite skipped="0" hostname="IBM992-PC0ER51L" name="com.training.sanity.tests.RTTC_007_Test" tests="1" failures="0" timestamp="06 Mar 2019 12:09:31 GMT" time="7.866" errors="0">
  <testcase name="invalidPwChangeTest" time="7.866" classname="com.training.sanity.tests.RTTC_007_Test"/>
</testsuite> <!-- com.training.sanity.tests.RTTC_007_Test -->
