<?xml version="1.0" encoding="UTF-8"?>
<!-- Generated by org.testng.reporters.JUnitReportReporter -->
<testsuite skipped="0" hostname="IBM992-PC0ER51L" name="com.training.sanity.tests.RTTC_008_Test" tests="1" failures="0" timestamp="07 Mar 2019 08:17:20 GMT" time="21.684" errors="0">
  <testcase name="ethniclnkClikc" time="21.684" classname="com.training.sanity.tests.RTTC_008_Test"/>
</testsuite> <!-- com.training.sanity.tests.RTTC_008_Test -->
