<?xml version="1.0" encoding="UTF-8"?>
<!-- Generated by org.testng.reporters.JUnitReportReporter -->
<testsuite skipped="0" hostname="IBM992-PC0ER51L" name="com.training.sanity.tests.RTTC_067_Test" tests="1" failures="0" timestamp="01 Apr 2019 06:10:52 GMT" time="10.589" errors="0">
  <testcase name="filterTest" time="10.589" classname="com.training.sanity.tests.RTTC_067_Test"/>
</testsuite> <!-- com.training.sanity.tests.RTTC_067_Test -->
