<?xml version="1.0" encoding="UTF-8"?>
<!-- Generated by org.testng.reporters.JUnitReportReporter -->
<testsuite skipped="0" hostname="IBM992-PC0ER51L" name="com.training.sanity.tests.RTTC_038_Test" tests="1" failures="0" timestamp="15 Mar 2019 11:21:04 GMT" time="4.625" errors="0">
  <testcase name="addcategory" time="4.625" classname="com.training.sanity.tests.RTTC_038_Test"/>
</testsuite> <!-- com.training.sanity.tests.RTTC_038_Test -->
