<?xml version="1.0" encoding="UTF-8"?>
<!-- Generated by org.testng.reporters.JUnitReportReporter -->
<testsuite skipped="0" hostname="IBM992-PC0ER51L" name="com.training.sanity.tests.RTTC_037_Test" tests="2" failures="0" timestamp="14 Mar 2019 07:42:32 GMT" time="20.910" errors="0">
  <testcase name="Invalidloginmessage" time="1.879" classname="com.training.sanity.tests.RTTC_037_Test"/>
  <testcase name="InvalidLogin" time="19.031" classname="com.training.sanity.tests.RTTC_037_Test"/>
</testsuite> <!-- com.training.sanity.tests.RTTC_037_Test -->
