<?xml version="1.0" encoding="UTF-8"?>
<!-- Generated by org.testng.reporters.JUnitReportReporter -->
<testsuite skipped="0" hostname="IBM992-PC0ER51L" name="com.training.sanity.tests.RTTC_068_Test" tests="1" failures="0" timestamp="01 Apr 2019 06:37:14 GMT" time="8.957" errors="0">
  <testcase name="productlinkTest" time="8.957" classname="com.training.sanity.tests.RTTC_068_Test"/>
</testsuite> <!-- com.training.sanity.tests.RTTC_068_Test -->
