<?xml version="1.0" encoding="UTF-8"?>
<!-- Generated by org.testng.reporters.JUnitReportReporter -->
<testsuite skipped="0" hostname="IBM992-PC0ER51L" name="com.training.sanity.tests.RTTC_040_Test" tests="2" failures="0" timestamp="18 Mar 2019 07:32:05 GMT" time="2.670" errors="0">
  <testcase name="ClickCatalog" time="1.546" classname="com.training.sanity.tests.RTTC_040_Test"/>
  <testcase name="DeleteCatalog" time="1.124" classname="com.training.sanity.tests.RTTC_040_Test"/>
</testsuite> <!-- com.training.sanity.tests.RTTC_040_Test -->
